Content-Type: text/plain; charset="utf-8"
MIME-Version: 1.0
Content-Transfer-Encoding: quoted-printable
Subject: =?utf-8?b?0JDQutGC0LjQstCw0YbQuNGPINCw0LrQutCw0YPQvdGC0LAgLSBleGFtcGxl?=
 =?utf-8?q?=2Ecom?=
From: info@padeltennis.ru
To: user4@mail.ru
Date: Mon, 27 Sep 2010 13:39:05 -0000
Message-ID: <20100927133905.4996.8595@ki>

# =D1=82=D0=B5=D0=BA=D1=81=D1=82 =D0=BF=D0=B8=D1=81=D1=8C=D0=BC=D0=B0
# activation_email.txt
=D0=A0=D0=B5=D0=B3=D0=B8=D1=81=D1=82=D1=80=D0=B0=D1=86=D0=B8=D1=8F =D0=BD=
=D0=B0 =D1=81=D0=B0=D0=B9=D1=82=D0=B5
=D0=94=D0=BB=D1=8F =D0=B0=D0=BA=D1=82=D0=B8=D0=B2=D0=B0=D1=86=D0=B8=D0=B8 =
=D0=B2=D0=B0=D1=88=D0=B5=D0=B3=D0=BE =D0=B0=D0=BA=D0=BA=D0=B0=D1=83=D0=BD=
=D1=82=D0=B0 =D0=BD=D0=B5=D0=BE=D0=B1=D1=85=D0=BE=D0=B4=D0=B8=D0=BC=D0=BE =
=D0=BF=D0=B5=D1=80=D0=B5=D0=B9=D1=82=D0=B8 =D0=BF=D0=BE =D1=81=D1=81=D1=8B=
=D0=BB=D0=BA=D0=B5:
example.com/accounts/activate/2a6796027b74e1c02f0f1ddd868fdaabcce63ddc/
=D0=A1=D0=BF=D0=B0=D1=81=D0=B8=D0=B1=D0=BE!


-------------------------------------------------------------------------------
