Content-Type: text/plain; charset="utf-8"
MIME-Version: 1.0
Content-Transfer-Encoding: quoted-printable
Subject: =?utf-8?b?0JLQvtGB0YHRgtCw0L3QvtCy0LvQtdC90LjQtSDQv9Cw0YDQvtC70Y8g0L0=?=
 =?utf-8?q?=D0=B0_example=2Ecom?=
From: info@padeltennis.ru
To: 111@mail.ru
Date: Mon, 27 Sep 2010 14:14:56 -0000
Message-ID: <20100927141456.4996.75646@ki>


=D0=92=D1=8B =D0=BF=D0=BE=D0=BB=D1=83=D1=87=D0=B8=D0=BB=D0=B8 =D1=8D=D1=82=
=D0=BE =D0=BF=D0=B8=D1=81=D1=8C=D0=BC=D0=BE, =D0=BF=D0=BE=D1=82=D0=BE=D0=BC=
=D1=83 =D1=87=D1=82=D0=BE =D0=B1=D1=8B=D0=BB=D0=BE =D0=B7=D0=B0=D0=BF=D1=80=
=D0=BE=D1=88=D0=B5=D0=BD=D0=BE =D0=B2=D0=BE=D1=81=D1=81=D1=82=D0=B0=D0=BD=
=D0=BE=D0=B2=D0=BB=D0=B5=D0=BD=D0=B8=D0=B5 =D0=BF=D0=B0=D1=80=D0=BE=D0=BB=
=D1=8F
=D0=B4=D0=BB=D1=8F =D0=B2=D0=B0=D1=88=D0=B5=D0=B9 =D1=83=D1=87=D0=B5=D1=82=
=D0=BD=D0=BE=D0=B9 =D0=B7=D0=B0=D0=BF=D0=B8=D1=81=D0=B8 =D0=BD=D0=B0 exampl=
e.com.

=D0=9F=D0=BE=D0=B6=D0=B0=D0=BB=D1=83=D0=B9=D1=81=D1=82=D0=B0, =D0=BF=D1=80=
=D0=BE=D1=81=D0=BB=D0=B5=D0=B4=D1=83=D0=B9=D1=82=D0=B5 =D0=BD=D0=B0 =D1=8D=
=D1=82=D1=83 =D1=81=D1=82=D1=80=D0=B0=D0=BD=D0=B8=D1=86=D1=83 =D0=B8 =D0=B2=
=D0=B2=D0=B5=D0=B4=D0=B8=D1=82=D0=B5 =D0=BD=D0=BE=D0=B2=D1=8B=D0=B9 =D0=BF=
=D0=B0=D1=80=D0=BE=D0=BB=D1=8C:

http://example.com/accounts/password/reset/confirm/4-2qs-38dbe725846fed49c7=
d5/

=D0=92=D0=B0=D1=88=D0=B5 =D0=B8=D0=BC=D1=8F =D0=BF=D0=BE=D0=BB=D1=8C=D0=B7=
=D0=BE=D0=B2=D0=B0=D1=82=D0=B5=D0=BB=D1=8F (=D0=BD=D0=B0 =D1=81=D0=BB=D1=83=
=D1=87=D0=B0=D0=B9, =D0=B5=D1=81=D0=BB=D0=B8 =D0=B2=D1=8B =D0=B5=D0=B3=D0=
=BE =D0=B7=D0=B0=D0=B1=D1=8B=D0=BB=D0=B8): 111

=D0=A1=D0=BF=D0=B0=D1=81=D0=B8=D0=B1=D0=BE, =D1=87=D1=82=D0=BE =D0=B8=D1=81=
=D0=BF=D0=BE=D0=BB=D1=8C=D0=B7=D1=83=D0=B5=D1=82=D0=B5 =D0=BD=D0=B0=D1=88 =
=D1=81=D0=B0=D0=B9=D1=82.

=D0=9A=D0=BE=D0=BC=D0=B0=D0=BD=D0=B4=D0=B0 =D1=81=D0=B0=D0=B9=D1=82=D0=B0 e=
xample.com



-------------------------------------------------------------------------------
